# Logfile created on 2025-11-13 09:04:40 +0200 by logger.rb/v1.7.0
[2025-11-13 09:04:40 +0200] INFO: ✅ Оброблено файл: config.yaml
[2025-11-13 09:04:40 +0200] INFO: ✅ Оброблено файл: Ініціалізовано Cart
[2025-11-13 09:04:41 +0200] INFO: ✅ Оброблено файл: Item initialized: Durable Wool Knife
[2025-11-13 09:04:41 +0200] INFO: ✅ Оброблено файл: Додано товар: Durable Wool Knife
[2025-11-13 09:04:41 +0200] INFO: ✅ Оброблено файл: Item initialized: Fantastic Bronze Knife
[2025-11-13 09:04:41 +0200] INFO: ✅ Оброблено файл: Додано товар: Fantastic Bronze Knife
[2025-11-13 09:04:41 +0200] INFO: ✅ Оброблено файл: Item initialized: Synergistic Iron Wallet
[2025-11-13 09:04:41 +0200] INFO: ✅ Оброблено файл: Додано товар: Synergistic Iron Wallet
[2025-11-13 09:04:41 +0200] INFO: ✅ Оброблено файл: Item initialized: Heavy Duty Silk Watch
[2025-11-13 09:04:41 +0200] INFO: ✅ Оброблено файл: Додано товар: Heavy Duty Silk Watch
[2025-11-13 09:04:41 +0200] INFO: ✅ Оброблено файл: Item initialized: Fantastic Concrete Gloves
[2025-11-13 09:04:41 +0200] INFO: ✅ Оброблено файл: Додано товар: Fantastic Concrete Gloves
[2025-11-13 09:04:41 +0200] INFO: ✅ Оброблено файл: Item initialized: Спеціальний товар
[2025-11-13 09:04:41 +0200] INFO: ✅ Оброблено файл: Додано товар: Спеціальний товар
[2025-11-13 09:04:41 +0200] INFO: ✅ Оброблено файл: Збережено у текстовий файл: output/cart.txt
[2025-11-13 09:04:41 +0200] INFO: ✅ Оброблено файл: Збережено у JSON файл: output/cart.json
[2025-11-13 09:04:41 +0200] INFO: ✅ Оброблено файл: Збережено у CSV файл: output/cart.csv
[2025-11-13 09:04:41 +0200] INFO: ✅ Оброблено файл: Збережено у YAML файли в папці: output/yml_items
[2025-11-13 09:04:41 +0200] INFO: ✅ Оброблено файл: Налаштовано run_website_parser = 1
[2025-11-13 09:04:41 +0200] INFO: ✅ Оброблено файл: Налаштовано run_save_to_csv = 1
[2025-11-13 09:04:41 +0200] INFO: ✅ Оброблено файл: Налаштовано run_save_to_yaml = 1
[2025-11-13 09:04:41 +0200] INFO: ✅ Оброблено файл: Налаштовано run_save_to_sqlite = 1
[2025-11-13 09:04:41 +0200] INFO: ✅ Оброблено файл: Налаштовано run_save_to_mongodb = 1
[2025-11-13 09:04:41 +0200] ERROR: ❌ Помилка: Недійсний ключ конфігурації: invalid_key
[2025-11-13 09:04:41 +0200] ERROR: ❌ Помилка: Помилка виконання main.rb: undefined method 'load_config' for class MyApplicationPandarov::AppConfigLoader
[2025-11-13 09:04:41 +0200] INFO: ✅ Оброблено файл: config.yaml
[2025-11-13 09:04:41 +0200] INFO: ✅ Оброблено файл: Ініціалізовано Cart
[2025-11-13 09:04:41 +0200] INFO: ✅ Оброблено файл: Item initialized: Gorgeous Wool Hat
[2025-11-13 09:04:41 +0200] INFO: ✅ Оброблено файл: Додано товар: Gorgeous Wool Hat
[2025-11-13 09:04:41 +0200] INFO: ✅ Оброблено файл: Item initialized: Lightweight Steel Knife
[2025-11-13 09:04:41 +0200] INFO: ✅ Оброблено файл: Додано товар: Lightweight Steel Knife
[2025-11-13 09:04:41 +0200] INFO: ✅ Оброблено файл: Item initialized: Sleek Copper Plate
[2025-11-13 09:04:41 +0200] INFO: ✅ Оброблено файл: Додано товар: Sleek Copper Plate
[2025-11-13 09:04:41 +0200] INFO: ✅ Оброблено файл: Item initialized: Heavy Duty Marble Bottle
[2025-11-13 09:04:41 +0200] INFO: ✅ Оброблено файл: Додано товар: Heavy Duty Marble Bottle
[2025-11-13 09:04:41 +0200] INFO: ✅ Оброблено файл: Item initialized: Sleek Rubber Chair
[2025-11-13 09:04:41 +0200] INFO: ✅ Оброблено файл: Додано товар: Sleek Rubber Chair
[2025-11-13 09:04:41 +0200] INFO: ✅ Оброблено файл: Item initialized: Спеціальний товар
[2025-11-13 09:04:41 +0200] INFO: ✅ Оброблено файл: Додано товар: Спеціальний товар
[2025-11-13 09:04:41 +0200] INFO: ✅ Оброблено файл: Збережено у текстовий файл: output/cart.txt
[2025-11-13 09:04:41 +0200] INFO: ✅ Оброблено файл: Збережено у JSON файл: output/cart.json
[2025-11-13 09:04:41 +0200] INFO: ✅ Оброблено файл: Збережено у CSV файл: output/cart.csv
[2025-11-13 09:04:41 +0200] INFO: ✅ Оброблено файл: Збережено у YAML файли в папці: output/yml_items
[2025-11-13 09:04:41 +0200] INFO: ✅ Оброблено файл: Налаштовано run_website_parser = 1
[2025-11-13 09:04:41 +0200] INFO: ✅ Оброблено файл: Налаштовано run_save_to_csv = 1
[2025-11-13 09:04:41 +0200] INFO: ✅ Оброблено файл: Налаштовано run_save_to_yaml = 1
[2025-11-13 09:04:41 +0200] INFO: ✅ Оброблено файл: Налаштовано run_save_to_sqlite = 1
[2025-11-13 09:04:41 +0200] INFO: ✅ Оброблено файл: Налаштовано run_save_to_mongodb = 1
[2025-11-13 09:04:41 +0200] ERROR: ❌ Помилка: Недійсний ключ конфігурації: invalid_key
[2025-11-13 09:04:41 +0200] ERROR: ❌ Помилка: Помилка виконання main.rb: undefined method 'load_config' for class MyApplicationPandarov::AppConfigLoader
[2025-11-13 09:09:15 +0200] INFO: ✅ Оброблено файл: config.yaml
[2025-11-13 09:09:15 +0200] INFO: ✅ Оброблено файл: Ініціалізовано Cart
[2025-11-13 09:09:15 +0200] INFO: ✅ Оброблено файл: Item initialized: Fantastic Cotton Bag
[2025-11-13 09:09:15 +0200] INFO: ✅ Оброблено файл: Додано товар: Fantastic Cotton Bag
[2025-11-13 09:09:15 +0200] INFO: ✅ Оброблено файл: Item initialized: Durable Silk Watch
[2025-11-13 09:09:15 +0200] INFO: ✅ Оброблено файл: Додано товар: Durable Silk Watch
[2025-11-13 09:09:15 +0200] INFO: ✅ Оброблено файл: Item initialized: Lightweight Plastic Shoes
[2025-11-13 09:09:15 +0200] INFO: ✅ Оброблено файл: Додано товар: Lightweight Plastic Shoes
[2025-11-13 09:09:15 +0200] INFO: ✅ Оброблено файл: Item initialized: Synergistic Linen Knife
[2025-11-13 09:09:15 +0200] INFO: ✅ Оброблено файл: Додано товар: Synergistic Linen Knife
[2025-11-13 09:09:15 +0200] INFO: ✅ Оброблено файл: Item initialized: Practical Linen Table
[2025-11-13 09:09:15 +0200] INFO: ✅ Оброблено файл: Додано товар: Practical Linen Table
[2025-11-13 09:09:15 +0200] INFO: ✅ Оброблено файл: Item initialized: Спеціальний товар
[2025-11-13 09:09:15 +0200] INFO: ✅ Оброблено файл: Додано товар: Спеціальний товар
[2025-11-13 09:09:15 +0200] INFO: ✅ Оброблено файл: Збережено у текстовий файл: output/cart.txt
[2025-11-13 09:09:15 +0200] INFO: ✅ Оброблено файл: Збережено у JSON файл: output/cart.json
[2025-11-13 09:09:15 +0200] INFO: ✅ Оброблено файл: Збережено у CSV файл: output/cart.csv
[2025-11-13 09:09:15 +0200] INFO: ✅ Оброблено файл: Збережено у YAML файли в папці: output/yml_items
[2025-11-13 09:09:15 +0200] INFO: ✅ Оброблено файл: Налаштовано run_website_parser = 1
[2025-11-13 09:09:15 +0200] INFO: ✅ Оброблено файл: Налаштовано run_save_to_csv = 1
[2025-11-13 09:09:15 +0200] INFO: ✅ Оброблено файл: Налаштовано run_save_to_yaml = 1
[2025-11-13 09:09:15 +0200] INFO: ✅ Оброблено файл: Налаштовано run_save_to_sqlite = 1
[2025-11-13 09:09:15 +0200] INFO: ✅ Оброблено файл: Налаштовано run_save_to_mongodb = 1
[2025-11-13 09:09:15 +0200] ERROR: ❌ Помилка: Недійсний ключ конфігурації: invalid_key
[2025-11-13 09:09:15 +0200] INFO: ✅ Ініціалізовано SimpleWebsiteParser з базовою URL: https://example.com
[2025-11-13 09:09:15 +0200] INFO: 🚀 Починаємо парсинг...
[2025-11-13 09:09:15 +0200] INFO: 💾 Дані збережено у JSON: output/parser_results/parsed_items.json
[2025-11-13 09:09:15 +0200] INFO: 💾 Дані збережено у CSV: output/parser_results/parsed_items.csv
[2025-11-13 09:09:15 +0200] INFO: 💾 Дані збережено у YAML: output/parser_results/parsed_items.yml
[2025-11-13 09:09:15 +0200] INFO: ✅ Парсинг завершено успішно.
[2025-11-13 09:09:15 +0200] INFO: ✅ Оброблено файл: config.yaml
[2025-11-13 09:09:15 +0200] INFO: ✅ Оброблено файл: Ініціалізовано Cart
[2025-11-13 09:09:15 +0200] INFO: ✅ Оброблено файл: Item initialized: Practical Cotton Hat
[2025-11-13 09:09:15 +0200] INFO: ✅ Оброблено файл: Додано товар: Practical Cotton Hat
[2025-11-13 09:09:15 +0200] INFO: ✅ Оброблено файл: Item initialized: Rustic Rubber Gloves
[2025-11-13 09:09:15 +0200] INFO: ✅ Оброблено файл: Додано товар: Rustic Rubber Gloves
[2025-11-13 09:09:15 +0200] INFO: ✅ Оброблено файл: Item initialized: Small Leather Bag
[2025-11-13 09:09:15 +0200] INFO: ✅ Оброблено файл: Додано товар: Small Leather Bag
[2025-11-13 09:09:15 +0200] INFO: ✅ Оброблено файл: Item initialized: Fantastic Granite Coat
[2025-11-13 09:09:15 +0200] INFO: ✅ Оброблено файл: Додано товар: Fantastic Granite Coat
[2025-11-13 09:09:15 +0200] INFO: ✅ Оброблено файл: Item initialized: Intelligent Wool Gloves
[2025-11-13 09:09:15 +0200] INFO: ✅ Оброблено файл: Додано товар: Intelligent Wool Gloves
[2025-11-13 09:09:15 +0200] INFO: ✅ Оброблено файл: Item initialized: Спеціальний товар
[2025-11-13 09:09:15 +0200] INFO: ✅ Оброблено файл: Додано товар: Спеціальний товар
[2025-11-13 09:09:15 +0200] INFO: ✅ Оброблено файл: Збережено у текстовий файл: output/cart.txt
[2025-11-13 09:09:15 +0200] INFO: ✅ Оброблено файл: Збережено у JSON файл: output/cart.json
[2025-11-13 09:09:15 +0200] INFO: ✅ Оброблено файл: Збережено у CSV файл: output/cart.csv
[2025-11-13 09:09:15 +0200] INFO: ✅ Оброблено файл: Збережено у YAML файли в папці: output/yml_items
[2025-11-13 09:09:15 +0200] INFO: ✅ Оброблено файл: Налаштовано run_website_parser = 1
[2025-11-13 09:09:15 +0200] INFO: ✅ Оброблено файл: Налаштовано run_save_to_csv = 1
[2025-11-13 09:09:15 +0200] INFO: ✅ Оброблено файл: Налаштовано run_save_to_yaml = 1
[2025-11-13 09:09:15 +0200] INFO: ✅ Оброблено файл: Налаштовано run_save_to_sqlite = 1
[2025-11-13 09:09:15 +0200] INFO: ✅ Оброблено файл: Налаштовано run_save_to_mongodb = 1
[2025-11-13 09:09:15 +0200] ERROR: ❌ Помилка: Недійсний ключ конфігурації: invalid_key
[2025-11-13 09:09:15 +0200] INFO: ✅ Ініціалізовано SimpleWebsiteParser з базовою URL: https://example.com
[2025-11-13 09:09:15 +0200] INFO: 🚀 Починаємо парсинг...
[2025-11-13 09:09:15 +0200] INFO: 💾 Дані збережено у JSON: output/parser_results/parsed_items.json
[2025-11-13 09:09:15 +0200] INFO: 💾 Дані збережено у CSV: output/parser_results/parsed_items.csv
[2025-11-13 09:09:15 +0200] INFO: 💾 Дані збережено у YAML: output/parser_results/parsed_items.yml
[2025-11-13 09:09:15 +0200] INFO: ✅ Парсинг завершено успішно.
[2025-11-13 10:06:39 +0200] INFO: ✅ Оброблено файл: config.yaml
[2025-11-13 10:06:40 +0200] INFO: ✅ Оброблено файл: Ініціалізовано Cart
[2025-11-13 10:06:42 +0200] INFO: ✅ Оброблено файл: Item initialized: Gorgeous Concrete Coat
[2025-11-13 10:06:42 +0200] INFO: ✅ Оброблено файл: Додано товар: Gorgeous Concrete Coat
[2025-11-13 10:06:42 +0200] INFO: ✅ Оброблено файл: Item initialized: Intelligent Cotton Clock
[2025-11-13 10:06:42 +0200] INFO: ✅ Оброблено файл: Додано товар: Intelligent Cotton Clock
[2025-11-13 10:06:42 +0200] INFO: ✅ Оброблено файл: Item initialized: Enormous Leather Shirt
[2025-11-13 10:06:42 +0200] INFO: ✅ Оброблено файл: Додано товар: Enormous Leather Shirt
[2025-11-13 10:06:42 +0200] INFO: ✅ Оброблено файл: Item initialized: Sleek Granite Gloves
[2025-11-13 10:06:42 +0200] INFO: ✅ Оброблено файл: Додано товар: Sleek Granite Gloves
[2025-11-13 10:06:42 +0200] INFO: ✅ Оброблено файл: Item initialized: Ergonomic Rubber Watch
[2025-11-13 10:06:42 +0200] INFO: ✅ Оброблено файл: Додано товар: Ergonomic Rubber Watch
[2025-11-13 10:06:42 +0200] INFO: ✅ Оброблено файл: Item initialized: Спеціальний товар
[2025-11-13 10:06:42 +0200] INFO: ✅ Оброблено файл: Додано товар: Спеціальний товар
[2025-11-13 10:06:42 +0200] INFO: ✅ Оброблено файл: Збережено у текстовий файл: output/cart.txt
[2025-11-13 10:06:42 +0200] INFO: ✅ Оброблено файл: Збережено у JSON файл: output/cart.json
[2025-11-13 10:06:42 +0200] INFO: ✅ Оброблено файл: Збережено у CSV файл: output/cart.csv
[2025-11-13 10:06:42 +0200] INFO: ✅ Оброблено файл: Збережено у YAML файли в папці: output/yml_items
[2025-11-13 10:06:42 +0200] INFO: ✅ Оброблено файл: Налаштовано run_website_parser = 1
[2025-11-13 10:06:42 +0200] INFO: ✅ Оброблено файл: Налаштовано run_save_to_csv = 1
[2025-11-13 10:06:42 +0200] INFO: ✅ Оброблено файл: Налаштовано run_save_to_yaml = 1
[2025-11-13 10:06:42 +0200] INFO: ✅ Оброблено файл: Налаштовано run_save_to_sqlite = 1
[2025-11-13 10:06:42 +0200] INFO: ✅ Оброблено файл: Налаштовано run_save_to_mongodb = 1
[2025-11-13 10:06:42 +0200] ERROR: ❌ Помилка: Недійсний ключ конфігурації: invalid_key
[2025-11-13 10:06:42 +0200] ERROR: ❌ Помилка: Помилка виконання main.rb: undefined method 'load_config' for class MyApplicationPandarov::AppConfigLoader
[2025-11-13 10:06:42 +0200] INFO: ✅ Оброблено файл: config.yaml
[2025-11-13 10:06:42 +0200] INFO: ✅ Оброблено файл: Ініціалізовано Cart
[2025-11-13 10:06:42 +0200] INFO: ✅ Оброблено файл: Item initialized: Ergonomic Wool Gloves
[2025-11-13 10:06:42 +0200] INFO: ✅ Оброблено файл: Додано товар: Ergonomic Wool Gloves
[2025-11-13 10:06:42 +0200] INFO: ✅ Оброблено файл: Item initialized: Gorgeous Marble Clock
[2025-11-13 10:06:42 +0200] INFO: ✅ Оброблено файл: Додано товар: Gorgeous Marble Clock
[2025-11-13 10:06:42 +0200] INFO: ✅ Оброблено файл: Item initialized: Aerodynamic Paper Lamp
[2025-11-13 10:06:42 +0200] INFO: ✅ Оброблено файл: Додано товар: Aerodynamic Paper Lamp
[2025-11-13 10:06:42 +0200] INFO: ✅ Оброблено файл: Item initialized: Fantastic Paper Chair
[2025-11-13 10:06:42 +0200] INFO: ✅ Оброблено файл: Додано товар: Fantastic Paper Chair
[2025-11-13 10:06:42 +0200] INFO: ✅ Оброблено файл: Item initialized: Intelligent Linen Keyboard
[2025-11-13 10:06:42 +0200] INFO: ✅ Оброблено файл: Додано товар: Intelligent Linen Keyboard
[2025-11-13 10:06:42 +0200] INFO: ✅ Оброблено файл: Item initialized: Спеціальний товар
[2025-11-13 10:06:42 +0200] INFO: ✅ Оброблено файл: Додано товар: Спеціальний товар
[2025-11-13 10:06:42 +0200] INFO: ✅ Оброблено файл: Збережено у текстовий файл: output/cart.txt
[2025-11-13 10:06:42 +0200] INFO: ✅ Оброблено файл: Збережено у JSON файл: output/cart.json
[2025-11-13 10:06:42 +0200] INFO: ✅ Оброблено файл: Збережено у CSV файл: output/cart.csv
[2025-11-13 10:06:42 +0200] INFO: ✅ Оброблено файл: Збережено у YAML файли в папці: output/yml_items
[2025-11-13 10:06:42 +0200] INFO: ✅ Оброблено файл: Налаштовано run_website_parser = 1
[2025-11-13 10:06:42 +0200] INFO: ✅ Оброблено файл: Налаштовано run_save_to_csv = 1
[2025-11-13 10:06:42 +0200] INFO: ✅ Оброблено файл: Налаштовано run_save_to_yaml = 1
[2025-11-13 10:06:42 +0200] INFO: ✅ Оброблено файл: Налаштовано run_save_to_sqlite = 1
[2025-11-13 10:06:42 +0200] INFO: ✅ Оброблено файл: Налаштовано run_save_to_mongodb = 1
[2025-11-13 10:06:42 +0200] ERROR: ❌ Помилка: Недійсний ключ конфігурації: invalid_key
[2025-11-13 10:06:42 +0200] ERROR: ❌ Помилка: Помилка виконання main.rb: undefined method 'load_config' for class MyApplicationPandarov::AppConfigLoader
[2025-11-13 10:08:32 +0200] INFO: ✅ Оброблено файл: config.yaml
[2025-11-13 10:08:32 +0200] INFO: ✅ Оброблено файл: Ініціалізовано Cart
[2025-11-13 10:08:34 +0200] INFO: ✅ Оброблено файл: Item initialized: Heavy Duty Aluminum Computer
[2025-11-13 10:08:34 +0200] INFO: ✅ Оброблено файл: Додано товар: Heavy Duty Aluminum Computer
[2025-11-13 10:08:34 +0200] INFO: ✅ Оброблено файл: Item initialized: Fantastic Wool Computer
[2025-11-13 10:08:34 +0200] INFO: ✅ Оброблено файл: Додано товар: Fantastic Wool Computer
[2025-11-13 10:08:34 +0200] INFO: ✅ Оброблено файл: Item initialized: Heavy Duty Bronze Clock
[2025-11-13 10:08:34 +0200] INFO: ✅ Оброблено файл: Додано товар: Heavy Duty Bronze Clock
[2025-11-13 10:08:34 +0200] INFO: ✅ Оброблено файл: Item initialized: Practical Paper Watch
[2025-11-13 10:08:34 +0200] INFO: ✅ Оброблено файл: Додано товар: Practical Paper Watch
[2025-11-13 10:08:34 +0200] INFO: ✅ Оброблено файл: Item initialized: Rustic Linen Bag
[2025-11-13 10:08:34 +0200] INFO: ✅ Оброблено файл: Додано товар: Rustic Linen Bag
[2025-11-13 10:08:34 +0200] INFO: ✅ Оброблено файл: Item initialized: Спеціальний товар
[2025-11-13 10:08:34 +0200] INFO: ✅ Оброблено файл: Додано товар: Спеціальний товар
[2025-11-13 10:08:34 +0200] INFO: ✅ Оброблено файл: Збережено у текстовий файл: output/cart.txt
[2025-11-13 10:08:34 +0200] INFO: ✅ Оброблено файл: Збережено у JSON файл: output/cart.json
[2025-11-13 10:08:34 +0200] INFO: ✅ Оброблено файл: Збережено у CSV файл: output/cart.csv
[2025-11-13 10:08:34 +0200] INFO: ✅ Оброблено файл: Збережено у YAML файли в папці: output/yml_items
[2025-11-13 10:08:34 +0200] INFO: ✅ Оброблено файл: Налаштовано run_website_parser = 1
[2025-11-13 10:08:34 +0200] INFO: ✅ Оброблено файл: Налаштовано run_save_to_csv = 1
[2025-11-13 10:08:34 +0200] INFO: ✅ Оброблено файл: Налаштовано run_save_to_yaml = 1
[2025-11-13 10:08:34 +0200] INFO: ✅ Оброблено файл: Налаштовано run_save_to_sqlite = 1
[2025-11-13 10:08:34 +0200] INFO: ✅ Оброблено файл: Налаштовано run_save_to_mongodb = 1
[2025-11-13 10:08:34 +0200] ERROR: ❌ Помилка: Недійсний ключ конфігурації: invalid_key
[2025-11-13 10:08:34 +0200] ERROR: ❌ Помилка: Помилка виконання main.rb: No such file or directory @ rb_sysopen - config/yaml_config/app_config.yaml
[2025-11-13 10:08:34 +0200] INFO: ✅ Оброблено файл: config.yaml
[2025-11-13 10:08:34 +0200] INFO: ✅ Оброблено файл: Ініціалізовано Cart
[2025-11-13 10:08:34 +0200] INFO: ✅ Оброблено файл: Item initialized: Sleek Wool Computer
[2025-11-13 10:08:34 +0200] INFO: ✅ Оброблено файл: Додано товар: Sleek Wool Computer
[2025-11-13 10:08:34 +0200] INFO: ✅ Оброблено файл: Item initialized: Intelligent Rubber Gloves
[2025-11-13 10:08:34 +0200] INFO: ✅ Оброблено файл: Додано товар: Intelligent Rubber Gloves
[2025-11-13 10:08:34 +0200] INFO: ✅ Оброблено файл: Item initialized: Lightweight Aluminum Computer
[2025-11-13 10:08:34 +0200] INFO: ✅ Оброблено файл: Додано товар: Lightweight Aluminum Computer
[2025-11-13 10:08:34 +0200] INFO: ✅ Оброблено файл: Item initialized: Heavy Duty Cotton Bench
[2025-11-13 10:08:34 +0200] INFO: ✅ Оброблено файл: Додано товар: Heavy Duty Cotton Bench
[2025-11-13 10:08:34 +0200] INFO: ✅ Оброблено файл: Item initialized: Intelligent Plastic Plate
[2025-11-13 10:08:34 +0200] INFO: ✅ Оброблено файл: Додано товар: Intelligent Plastic Plate
[2025-11-13 10:08:34 +0200] INFO: ✅ Оброблено файл: Item initialized: Спеціальний товар
[2025-11-13 10:08:34 +0200] INFO: ✅ Оброблено файл: Додано товар: Спеціальний товар
[2025-11-13 10:08:34 +0200] INFO: ✅ Оброблено файл: Збережено у текстовий файл: output/cart.txt
[2025-11-13 10:08:34 +0200] INFO: ✅ Оброблено файл: Збережено у JSON файл: output/cart.json
[2025-11-13 10:08:34 +0200] INFO: ✅ Оброблено файл: Збережено у CSV файл: output/cart.csv
[2025-11-13 10:08:34 +0200] INFO: ✅ Оброблено файл: Збережено у YAML файли в папці: output/yml_items
[2025-11-13 10:08:34 +0200] INFO: ✅ Оброблено файл: Налаштовано run_website_parser = 1
[2025-11-13 10:08:34 +0200] INFO: ✅ Оброблено файл: Налаштовано run_save_to_csv = 1
[2025-11-13 10:08:34 +0200] INFO: ✅ Оброблено файл: Налаштовано run_save_to_yaml = 1
[2025-11-13 10:08:34 +0200] INFO: ✅ Оброблено файл: Налаштовано run_save_to_sqlite = 1
[2025-11-13 10:08:34 +0200] INFO: ✅ Оброблено файл: Налаштовано run_save_to_mongodb = 1
[2025-11-13 10:08:34 +0200] ERROR: ❌ Помилка: Недійсний ключ конфігурації: invalid_key
[2025-11-13 10:08:34 +0200] ERROR: ❌ Помилка: Помилка виконання main.rb: No such file or directory @ rb_sysopen - config/yaml_config/app_config.yaml
[2025-11-13 10:27:53 +0200] INFO: ✅ Оброблено файл: config.yaml
[2025-11-13 10:27:53 +0200] INFO: ✅ Оброблено файл: Ініціалізовано Cart
[2025-11-13 10:27:55 +0200] INFO: ✅ Оброблено файл: Item initialized: Mediocre Granite Bag
[2025-11-13 10:27:55 +0200] INFO: ✅ Оброблено файл: Додано товар: Mediocre Granite Bag
[2025-11-13 10:27:55 +0200] INFO: ✅ Оброблено файл: Item initialized: Intelligent Steel Lamp
[2025-11-13 10:27:55 +0200] INFO: ✅ Оброблено файл: Додано товар: Intelligent Steel Lamp
[2025-11-13 10:27:55 +0200] INFO: ✅ Оброблено файл: Item initialized: Ergonomic Cotton Gloves
[2025-11-13 10:27:55 +0200] INFO: ✅ Оброблено файл: Додано товар: Ergonomic Cotton Gloves
[2025-11-13 10:27:55 +0200] INFO: ✅ Оброблено файл: Item initialized: Enormous Concrete Knife
[2025-11-13 10:27:55 +0200] INFO: ✅ Оброблено файл: Додано товар: Enormous Concrete Knife
[2025-11-13 10:27:55 +0200] INFO: ✅ Оброблено файл: Item initialized: Incredible Wooden Computer
[2025-11-13 10:27:55 +0200] INFO: ✅ Оброблено файл: Додано товар: Incredible Wooden Computer
[2025-11-13 10:27:55 +0200] INFO: ✅ Оброблено файл: Item initialized: Спеціальний товар
[2025-11-13 10:27:55 +0200] INFO: ✅ Оброблено файл: Додано товар: Спеціальний товар
[2025-11-13 10:27:55 +0200] INFO: ✅ Оброблено файл: Збережено у текстовий файл: output/cart.txt
[2025-11-13 10:27:55 +0200] INFO: ✅ Оброблено файл: Збережено у JSON файл: output/cart.json
[2025-11-13 10:27:55 +0200] INFO: ✅ Оброблено файл: Збережено у CSV файл: output/cart.csv
[2025-11-13 10:27:55 +0200] INFO: ✅ Оброблено файл: Збережено у YAML файли в папці: output/yml_items
[2025-11-13 10:27:55 +0200] INFO: ✅ Оброблено файл: Налаштовано run_website_parser = 1
[2025-11-13 10:27:55 +0200] INFO: ✅ Оброблено файл: Налаштовано run_save_to_csv = 1
[2025-11-13 10:27:55 +0200] INFO: ✅ Оброблено файл: Налаштовано run_save_to_yaml = 1
[2025-11-13 10:27:55 +0200] INFO: ✅ Оброблено файл: Налаштовано run_save_to_sqlite = 1
[2025-11-13 10:27:55 +0200] INFO: ✅ Оброблено файл: Налаштовано run_save_to_mongodb = 1
[2025-11-13 10:27:55 +0200] ERROR: ❌ Помилка: Недійсний ключ конфігурації: invalid_key
[2025-11-13 10:27:55 +0200] ERROR: ❌ Помилка: Помилка виконання main.rb: No such file or directory @ rb_sysopen - config/yaml_config/app_config.yaml
[2025-11-13 10:27:55 +0200] INFO: ✅ Оброблено файл: config.yaml
[2025-11-13 10:27:55 +0200] INFO: ✅ Оброблено файл: Ініціалізовано Cart
[2025-11-13 10:27:55 +0200] INFO: ✅ Оброблено файл: Item initialized: Awesome Wool Coat
[2025-11-13 10:27:55 +0200] INFO: ✅ Оброблено файл: Додано товар: Awesome Wool Coat
[2025-11-13 10:27:55 +0200] INFO: ✅ Оброблено файл: Item initialized: Aerodynamic Rubber Table
[2025-11-13 10:27:55 +0200] INFO: ✅ Оброблено файл: Додано товар: Aerodynamic Rubber Table
[2025-11-13 10:27:55 +0200] INFO: ✅ Оброблено файл: Item initialized: Durable Silk Wallet
[2025-11-13 10:27:55 +0200] INFO: ✅ Оброблено файл: Додано товар: Durable Silk Wallet
[2025-11-13 10:27:55 +0200] INFO: ✅ Оброблено файл: Item initialized: Gorgeous Wooden Table
[2025-11-13 10:27:55 +0200] INFO: ✅ Оброблено файл: Додано товар: Gorgeous Wooden Table
[2025-11-13 10:27:55 +0200] INFO: ✅ Оброблено файл: Item initialized: Gorgeous Iron Coat
[2025-11-13 10:27:55 +0200] INFO: ✅ Оброблено файл: Додано товар: Gorgeous Iron Coat
[2025-11-13 10:27:55 +0200] INFO: ✅ Оброблено файл: Item initialized: Спеціальний товар
[2025-11-13 10:27:55 +0200] INFO: ✅ Оброблено файл: Додано товар: Спеціальний товар
[2025-11-13 10:27:55 +0200] INFO: ✅ Оброблено файл: Збережено у текстовий файл: output/cart.txt
[2025-11-13 10:27:55 +0200] INFO: ✅ Оброблено файл: Збережено у JSON файл: output/cart.json
[2025-11-13 10:27:55 +0200] INFO: ✅ Оброблено файл: Збережено у CSV файл: output/cart.csv
[2025-11-13 10:27:55 +0200] INFO: ✅ Оброблено файл: Збережено у YAML файли в папці: output/yml_items
[2025-11-13 10:27:55 +0200] INFO: ✅ Оброблено файл: Налаштовано run_website_parser = 1
[2025-11-13 10:27:55 +0200] INFO: ✅ Оброблено файл: Налаштовано run_save_to_csv = 1
[2025-11-13 10:27:55 +0200] INFO: ✅ Оброблено файл: Налаштовано run_save_to_yaml = 1
[2025-11-13 10:27:55 +0200] INFO: ✅ Оброблено файл: Налаштовано run_save_to_sqlite = 1
[2025-11-13 10:27:55 +0200] INFO: ✅ Оброблено файл: Налаштовано run_save_to_mongodb = 1
[2025-11-13 10:27:55 +0200] ERROR: ❌ Помилка: Недійсний ключ конфігурації: invalid_key
[2025-11-13 10:27:55 +0200] ERROR: ❌ Помилка: Помилка виконання main.rb: No such file or directory @ rb_sysopen - config/yaml_config/app_config.yaml
[2025-11-13 10:32:59 +0200] INFO: ✅ Оброблено файл: config.yaml
[2025-11-13 10:32:59 +0200] INFO: ✅ Оброблено файл: Ініціалізовано Cart
[2025-11-13 10:33:01 +0200] INFO: ✅ Оброблено файл: Item initialized: Mediocre Copper Wallet
[2025-11-13 10:33:01 +0200] INFO: ✅ Оброблено файл: Додано товар: Mediocre Copper Wallet
[2025-11-13 10:33:01 +0200] INFO: ✅ Оброблено файл: Item initialized: Gorgeous Copper Car
[2025-11-13 10:33:01 +0200] INFO: ✅ Оброблено файл: Додано товар: Gorgeous Copper Car
[2025-11-13 10:33:01 +0200] INFO: ✅ Оброблено файл: Item initialized: Sleek Marble Lamp
[2025-11-13 10:33:01 +0200] INFO: ✅ Оброблено файл: Додано товар: Sleek Marble Lamp
[2025-11-13 10:33:01 +0200] INFO: ✅ Оброблено файл: Item initialized: Ergonomic Iron Gloves
[2025-11-13 10:33:01 +0200] INFO: ✅ Оброблено файл: Додано товар: Ergonomic Iron Gloves
[2025-11-13 10:33:01 +0200] INFO: ✅ Оброблено файл: Item initialized: Enormous Plastic Watch
[2025-11-13 10:33:01 +0200] INFO: ✅ Оброблено файл: Додано товар: Enormous Plastic Watch
[2025-11-13 10:33:01 +0200] INFO: ✅ Оброблено файл: Item initialized: Спеціальний товар
[2025-11-13 10:33:01 +0200] INFO: ✅ Оброблено файл: Додано товар: Спеціальний товар
[2025-11-13 10:33:01 +0200] INFO: ✅ Оброблено файл: Збережено у текстовий файл: output/cart.txt
[2025-11-13 10:33:01 +0200] INFO: ✅ Оброблено файл: Збережено у JSON файл: output/cart.json
[2025-11-13 10:33:01 +0200] INFO: ✅ Оброблено файл: Збережено у CSV файл: output/cart.csv
[2025-11-13 10:33:01 +0200] INFO: ✅ Оброблено файл: Збережено у YAML файли в папці: output/yml_items
[2025-11-13 10:33:01 +0200] INFO: ✅ Оброблено файл: Налаштовано run_website_parser = 1
[2025-11-13 10:33:01 +0200] INFO: ✅ Оброблено файл: Налаштовано run_save_to_csv = 1
[2025-11-13 10:33:01 +0200] INFO: ✅ Оброблено файл: Налаштовано run_save_to_yaml = 1
[2025-11-13 10:33:01 +0200] INFO: ✅ Оброблено файл: Налаштовано run_save_to_sqlite = 1
[2025-11-13 10:33:01 +0200] INFO: ✅ Оброблено файл: Налаштовано run_save_to_mongodb = 1
[2025-11-13 10:33:01 +0200] ERROR: ❌ Помилка: Недійсний ключ конфігурації: invalid_key
[2025-11-13 10:33:01 +0200] INFO: ✅ Ініціалізовано SimpleWebsiteParser з базовою URL: https://example.com
[2025-11-13 10:33:01 +0200] INFO: 🚀 Починаємо парсинг...
[2025-11-13 10:33:01 +0200] INFO: 💾 Дані збережено у JSON: output/parser_results/parsed_items.json
[2025-11-13 10:33:01 +0200] INFO: 💾 Дані збережено у CSV: output/parser_results/parsed_items.csv
[2025-11-13 10:33:01 +0200] INFO: 💾 Дані збережено у YAML: output/parser_results/parsed_items.yml
[2025-11-13 10:33:01 +0200] INFO: ✅ Парсинг завершено успішно.
[2025-11-13 10:33:01 +0200] INFO: ✅ Оброблено файл: config.yaml
[2025-11-13 10:33:01 +0200] INFO: ✅ Оброблено файл: Ініціалізовано Cart
[2025-11-13 10:33:01 +0200] INFO: ✅ Оброблено файл: Item initialized: Practical Steel Shoes
[2025-11-13 10:33:01 +0200] INFO: ✅ Оброблено файл: Додано товар: Practical Steel Shoes
[2025-11-13 10:33:01 +0200] INFO: ✅ Оброблено файл: Item initialized: Sleek Granite Plate
[2025-11-13 10:33:01 +0200] INFO: ✅ Оброблено файл: Додано товар: Sleek Granite Plate
[2025-11-13 10:33:01 +0200] INFO: ✅ Оброблено файл: Item initialized: Small Silk Shirt
[2025-11-13 10:33:01 +0200] INFO: ✅ Оброблено файл: Додано товар: Small Silk Shirt
[2025-11-13 10:33:01 +0200] INFO: ✅ Оброблено файл: Item initialized: Durable Plastic Shoes
[2025-11-13 10:33:01 +0200] INFO: ✅ Оброблено файл: Додано товар: Durable Plastic Shoes
[2025-11-13 10:33:01 +0200] INFO: ✅ Оброблено файл: Item initialized: Ergonomic Copper Bench
[2025-11-13 10:33:01 +0200] INFO: ✅ Оброблено файл: Додано товар: Ergonomic Copper Bench
[2025-11-13 10:33:01 +0200] INFO: ✅ Оброблено файл: Item initialized: Спеціальний товар
[2025-11-13 10:33:01 +0200] INFO: ✅ Оброблено файл: Додано товар: Спеціальний товар
[2025-11-13 10:33:01 +0200] INFO: ✅ Оброблено файл: Збережено у текстовий файл: output/cart.txt
[2025-11-13 10:33:01 +0200] INFO: ✅ Оброблено файл: Збережено у JSON файл: output/cart.json
[2025-11-13 10:33:01 +0200] INFO: ✅ Оброблено файл: Збережено у CSV файл: output/cart.csv
[2025-11-13 10:33:01 +0200] INFO: ✅ Оброблено файл: Збережено у YAML файли в папці: output/yml_items
[2025-11-13 10:33:01 +0200] INFO: ✅ Оброблено файл: Налаштовано run_website_parser = 1
[2025-11-13 10:33:01 +0200] INFO: ✅ Оброблено файл: Налаштовано run_save_to_csv = 1
[2025-11-13 10:33:01 +0200] INFO: ✅ Оброблено файл: Налаштовано run_save_to_yaml = 1
[2025-11-13 10:33:01 +0200] INFO: ✅ Оброблено файл: Налаштовано run_save_to_sqlite = 1
[2025-11-13 10:33:01 +0200] INFO: ✅ Оброблено файл: Налаштовано run_save_to_mongodb = 1
[2025-11-13 10:33:01 +0200] ERROR: ❌ Помилка: Недійсний ключ конфігурації: invalid_key
[2025-11-13 10:33:01 +0200] INFO: ✅ Ініціалізовано SimpleWebsiteParser з базовою URL: https://example.com
[2025-11-13 10:33:01 +0200] INFO: 🚀 Починаємо парсинг...
[2025-11-13 10:33:01 +0200] INFO: 💾 Дані збережено у JSON: output/parser_results/parsed_items.json
[2025-11-13 10:33:01 +0200] INFO: 💾 Дані збережено у CSV: output/parser_results/parsed_items.csv
[2025-11-13 10:33:01 +0200] INFO: 💾 Дані збережено у YAML: output/parser_results/parsed_items.yml
[2025-11-13 10:33:01 +0200] INFO: ✅ Парсинг завершено успішно.
[2025-11-13 10:33:17 +0200] INFO: ✅ Оброблено файл: config.yaml
[2025-11-13 10:33:17 +0200] INFO: ✅ Оброблено файл: Ініціалізовано Cart
[2025-11-13 10:33:19 +0200] INFO: ✅ Оброблено файл: Item initialized: Small Iron Lamp
[2025-11-13 10:33:19 +0200] INFO: ✅ Оброблено файл: Додано товар: Small Iron Lamp
[2025-11-13 10:33:19 +0200] INFO: ✅ Оброблено файл: Item initialized: Enormous Plastic Shirt
[2025-11-13 10:33:19 +0200] INFO: ✅ Оброблено файл: Додано товар: Enormous Plastic Shirt
[2025-11-13 10:33:19 +0200] INFO: ✅ Оброблено файл: Item initialized: Heavy Duty Copper Plate
[2025-11-13 10:33:19 +0200] INFO: ✅ Оброблено файл: Додано товар: Heavy Duty Copper Plate
[2025-11-13 10:33:19 +0200] INFO: ✅ Оброблено файл: Item initialized: Fantastic Cotton Bottle
[2025-11-13 10:33:19 +0200] INFO: ✅ Оброблено файл: Додано товар: Fantastic Cotton Bottle
[2025-11-13 10:33:19 +0200] INFO: ✅ Оброблено файл: Item initialized: Awesome Aluminum Car
[2025-11-13 10:33:19 +0200] INFO: ✅ Оброблено файл: Додано товар: Awesome Aluminum Car
[2025-11-13 10:33:19 +0200] INFO: ✅ Оброблено файл: Item initialized: Спеціальний товар
[2025-11-13 10:33:19 +0200] INFO: ✅ Оброблено файл: Додано товар: Спеціальний товар
[2025-11-13 10:33:19 +0200] INFO: ✅ Оброблено файл: Збережено у текстовий файл: output/cart.txt
[2025-11-13 10:33:19 +0200] INFO: ✅ Оброблено файл: Збережено у JSON файл: output/cart.json
[2025-11-13 10:33:19 +0200] INFO: ✅ Оброблено файл: Збережено у CSV файл: output/cart.csv
[2025-11-13 10:33:19 +0200] INFO: ✅ Оброблено файл: Збережено у YAML файли в папці: output/yml_items
[2025-11-13 10:33:19 +0200] INFO: ✅ Оброблено файл: Налаштовано run_website_parser = 1
[2025-11-13 10:33:19 +0200] INFO: ✅ Оброблено файл: Налаштовано run_save_to_csv = 1
[2025-11-13 10:33:19 +0200] INFO: ✅ Оброблено файл: Налаштовано run_save_to_yaml = 1
[2025-11-13 10:33:19 +0200] INFO: ✅ Оброблено файл: Налаштовано run_save_to_sqlite = 1
[2025-11-13 10:33:19 +0200] INFO: ✅ Оброблено файл: Налаштовано run_save_to_mongodb = 1
[2025-11-13 10:33:19 +0200] ERROR: ❌ Помилка: Недійсний ключ конфігурації: invalid_key
[2025-11-13 10:33:19 +0200] INFO: ✅ Ініціалізовано SimpleWebsiteParser з базовою URL: https://example.com
[2025-11-13 10:33:19 +0200] INFO: 🚀 Починаємо парсинг...
[2025-11-13 10:33:19 +0200] INFO: 💾 Дані збережено у JSON: output/parser_results/parsed_items.json
[2025-11-13 10:33:19 +0200] INFO: 💾 Дані збережено у CSV: output/parser_results/parsed_items.csv
[2025-11-13 10:33:19 +0200] INFO: 💾 Дані збережено у YAML: output/parser_results/parsed_items.yml
[2025-11-13 10:33:19 +0200] INFO: ✅ Парсинг завершено успішно.
[2025-11-13 10:33:19 +0200] INFO: ✅ Оброблено файл: config.yaml
[2025-11-13 10:33:19 +0200] INFO: ✅ Оброблено файл: Ініціалізовано Cart
[2025-11-13 10:33:19 +0200] INFO: ✅ Оброблено файл: Item initialized: Rustic Plastic Bag
[2025-11-13 10:33:19 +0200] INFO: ✅ Оброблено файл: Додано товар: Rustic Plastic Bag
[2025-11-13 10:33:19 +0200] INFO: ✅ Оброблено файл: Item initialized: Lightweight Copper Clock
[2025-11-13 10:33:19 +0200] INFO: ✅ Оброблено файл: Додано товар: Lightweight Copper Clock
[2025-11-13 10:33:19 +0200] INFO: ✅ Оброблено файл: Item initialized: Synergistic Leather Knife
[2025-11-13 10:33:19 +0200] INFO: ✅ Оброблено файл: Додано товар: Synergistic Leather Knife
[2025-11-13 10:33:19 +0200] INFO: ✅ Оброблено файл: Item initialized: Rustic Leather Shirt
[2025-11-13 10:33:19 +0200] INFO: ✅ Оброблено файл: Додано товар: Rustic Leather Shirt
[2025-11-13 10:33:19 +0200] INFO: ✅ Оброблено файл: Item initialized: Small Marble Lamp
[2025-11-13 10:33:19 +0200] INFO: ✅ Оброблено файл: Додано товар: Small Marble Lamp
[2025-11-13 10:33:19 +0200] INFO: ✅ Оброблено файл: Item initialized: Спеціальний товар
[2025-11-13 10:33:19 +0200] INFO: ✅ Оброблено файл: Додано товар: Спеціальний товар
[2025-11-13 10:33:19 +0200] INFO: ✅ Оброблено файл: Збережено у текстовий файл: output/cart.txt
[2025-11-13 10:33:19 +0200] INFO: ✅ Оброблено файл: Збережено у JSON файл: output/cart.json
[2025-11-13 10:33:19 +0200] INFO: ✅ Оброблено файл: Збережено у CSV файл: output/cart.csv
[2025-11-13 10:33:19 +0200] INFO: ✅ Оброблено файл: Збережено у YAML файли в папці: output/yml_items
[2025-11-13 10:33:19 +0200] INFO: ✅ Оброблено файл: Налаштовано run_website_parser = 1
[2025-11-13 10:33:19 +0200] INFO: ✅ Оброблено файл: Налаштовано run_save_to_csv = 1
[2025-11-13 10:33:19 +0200] INFO: ✅ Оброблено файл: Налаштовано run_save_to_yaml = 1
[2025-11-13 10:33:19 +0200] INFO: ✅ Оброблено файл: Налаштовано run_save_to_sqlite = 1
[2025-11-13 10:33:19 +0200] INFO: ✅ Оброблено файл: Налаштовано run_save_to_mongodb = 1
[2025-11-13 10:33:19 +0200] ERROR: ❌ Помилка: Недійсний ключ конфігурації: invalid_key
[2025-11-13 10:33:19 +0200] INFO: ✅ Ініціалізовано SimpleWebsiteParser з базовою URL: https://example.com
[2025-11-13 10:33:19 +0200] INFO: 🚀 Починаємо парсинг...
[2025-11-13 10:33:19 +0200] INFO: 💾 Дані збережено у JSON: output/parser_results/parsed_items.json
[2025-11-13 10:33:19 +0200] INFO: 💾 Дані збережено у CSV: output/parser_results/parsed_items.csv
[2025-11-13 10:33:19 +0200] INFO: 💾 Дані збережено у YAML: output/parser_results/parsed_items.yml
[2025-11-13 10:33:19 +0200] INFO: ✅ Парсинг завершено успішно.
[2025-11-13 10:50:17 +0200] INFO: ✅ Оброблено файл: config.yaml
[2025-11-13 10:50:17 +0200] INFO: ✅ Оброблено файл: Ініціалізовано Cart
[2025-11-13 10:50:19 +0200] INFO: ✅ Оброблено файл: Item initialized: Practical Marble Coat
[2025-11-13 10:50:19 +0200] INFO: ✅ Оброблено файл: Додано товар: Practical Marble Coat
[2025-11-13 10:50:19 +0200] INFO: ✅ Оброблено файл: Item initialized: Awesome Leather Chair
[2025-11-13 10:50:19 +0200] INFO: ✅ Оброблено файл: Додано товар: Awesome Leather Chair
[2025-11-13 10:50:19 +0200] INFO: ✅ Оброблено файл: Item initialized: Mediocre Iron Knife
[2025-11-13 10:50:19 +0200] INFO: ✅ Оброблено файл: Додано товар: Mediocre Iron Knife
[2025-11-13 10:50:19 +0200] INFO: ✅ Оброблено файл: Item initialized: Ergonomic Rubber Keyboard
[2025-11-13 10:50:19 +0200] INFO: ✅ Оброблено файл: Додано товар: Ergonomic Rubber Keyboard
[2025-11-13 10:50:19 +0200] INFO: ✅ Оброблено файл: Item initialized: Synergistic Paper Plate
[2025-11-13 10:50:19 +0200] INFO: ✅ Оброблено файл: Додано товар: Synergistic Paper Plate
[2025-11-13 10:50:19 +0200] INFO: ✅ Оброблено файл: Item initialized: Спеціальний товар
[2025-11-13 10:50:19 +0200] INFO: ✅ Оброблено файл: Додано товар: Спеціальний товар
[2025-11-13 10:50:19 +0200] INFO: ✅ Оброблено файл: Збережено у текстовий файл: output/cart.txt
[2025-11-13 10:50:19 +0200] INFO: ✅ Оброблено файл: Збережено у JSON файл: output/cart.json
[2025-11-13 10:50:19 +0200] INFO: ✅ Оброблено файл: Збережено у CSV файл: output/cart.csv
[2025-11-13 10:50:19 +0200] INFO: ✅ Оброблено файл: Збережено у YAML файли в папці: output/yml_items
[2025-11-13 10:50:19 +0200] INFO: ✅ Оброблено файл: Налаштовано run_website_parser = 1
[2025-11-13 10:50:19 +0200] INFO: ✅ Оброблено файл: Налаштовано run_save_to_csv = 1
[2025-11-13 10:50:19 +0200] INFO: ✅ Оброблено файл: Налаштовано run_save_to_yaml = 1
[2025-11-13 10:50:19 +0200] INFO: ✅ Оброблено файл: Налаштовано run_save_to_sqlite = 1
[2025-11-13 10:50:19 +0200] INFO: ✅ Оброблено файл: Налаштовано run_save_to_mongodb = 1
[2025-11-13 10:50:19 +0200] ERROR: ❌ Помилка: Недійсний ключ конфігурації: invalid_key
[2025-11-13 10:50:19 +0200] INFO: ✅ Ініціалізовано SimpleWebsiteParser з базовою URL: https://example.com
[2025-11-13 10:50:19 +0200] INFO: 🚀 Починаємо парсинг...
[2025-11-13 10:50:19 +0200] INFO: 💾 Дані збережено у JSON: output/parser_results/parsed_items.json
[2025-11-13 10:50:19 +0200] INFO: 💾 Дані збережено у CSV: output/parser_results/parsed_items.csv
[2025-11-13 10:50:19 +0200] INFO: 💾 Дані збережено у YAML: output/parser_results/parsed_items.yml
[2025-11-13 10:50:19 +0200] INFO: ✅ Парсинг завершено успішно.
[2025-11-13 10:50:19 +0200] INFO: ✅ Оброблено файл: config.yaml
[2025-11-13 10:50:19 +0200] INFO: ✅ Оброблено файл: Ініціалізовано Cart
[2025-11-13 10:50:19 +0200] INFO: ✅ Оброблено файл: Item initialized: Practical Granite Table
[2025-11-13 10:50:19 +0200] INFO: ✅ Оброблено файл: Додано товар: Practical Granite Table
[2025-11-13 10:50:19 +0200] INFO: ✅ Оброблено файл: Item initialized: Practical Linen Pants
[2025-11-13 10:50:19 +0200] INFO: ✅ Оброблено файл: Додано товар: Practical Linen Pants
[2025-11-13 10:50:19 +0200] INFO: ✅ Оброблено файл: Item initialized: Fantastic Plastic Hat
[2025-11-13 10:50:19 +0200] INFO: ✅ Оброблено файл: Додано товар: Fantastic Plastic Hat
[2025-11-13 10:50:19 +0200] INFO: ✅ Оброблено файл: Item initialized: Enormous Concrete Shoes
[2025-11-13 10:50:19 +0200] INFO: ✅ Оброблено файл: Додано товар: Enormous Concrete Shoes
[2025-11-13 10:50:19 +0200] INFO: ✅ Оброблено файл: Item initialized: Intelligent Steel Coat
[2025-11-13 10:50:19 +0200] INFO: ✅ Оброблено файл: Додано товар: Intelligent Steel Coat
[2025-11-13 10:50:19 +0200] INFO: ✅ Оброблено файл: Item initialized: Спеціальний товар
[2025-11-13 10:50:19 +0200] INFO: ✅ Оброблено файл: Додано товар: Спеціальний товар
[2025-11-13 10:50:19 +0200] INFO: ✅ Оброблено файл: Збережено у текстовий файл: output/cart.txt
[2025-11-13 10:50:19 +0200] INFO: ✅ Оброблено файл: Збережено у JSON файл: output/cart.json
[2025-11-13 10:50:19 +0200] INFO: ✅ Оброблено файл: Збережено у CSV файл: output/cart.csv
[2025-11-13 10:50:19 +0200] INFO: ✅ Оброблено файл: Збережено у YAML файли в папці: output/yml_items
[2025-11-13 10:50:19 +0200] INFO: ✅ Оброблено файл: Налаштовано run_website_parser = 1
[2025-11-13 10:50:19 +0200] INFO: ✅ Оброблено файл: Налаштовано run_save_to_csv = 1
[2025-11-13 10:50:19 +0200] INFO: ✅ Оброблено файл: Налаштовано run_save_to_yaml = 1
[2025-11-13 10:50:19 +0200] INFO: ✅ Оброблено файл: Налаштовано run_save_to_sqlite = 1
[2025-11-13 10:50:19 +0200] INFO: ✅ Оброблено файл: Налаштовано run_save_to_mongodb = 1
[2025-11-13 10:50:19 +0200] ERROR: ❌ Помилка: Недійсний ключ конфігурації: invalid_key
[2025-11-13 10:50:19 +0200] INFO: ✅ Ініціалізовано SimpleWebsiteParser з базовою URL: https://example.com
[2025-11-13 10:50:19 +0200] INFO: 🚀 Починаємо парсинг...
[2025-11-13 10:50:19 +0200] INFO: 💾 Дані збережено у JSON: output/parser_results/parsed_items.json
[2025-11-13 10:50:19 +0200] INFO: 💾 Дані збережено у CSV: output/parser_results/parsed_items.csv
[2025-11-13 10:50:19 +0200] INFO: 💾 Дані збережено у YAML: output/parser_results/parsed_items.yml
[2025-11-13 10:50:19 +0200] INFO: ✅ Парсинг завершено успішно.
